app/build/intermediates/manifest_merge_blame_file/release/manifest-merger-blame-release-report.txt
1<?xml version="1.0" encoding="utf-8"?>
2<manifest xmlns:android="http://schemas.android.com/apk/res/android"
3    package="com.iris.ccpm"
4    android:versionCode="1"
5    android:versionName="1.0" >
6
7    <uses-sdk
8        android:minSdkVersion="23"
8-->src\main\AndroidManifest.xml
9        android:targetSdkVersion="30" />
9-->src\main\AndroidManifest.xml
10
11    <uses-permission android:name="android.permission.INTERNET" />
11-->src\main\AndroidManifest.xml:5:5-66
11-->src\main\AndroidManifest.xml:5:22-64
12    <uses-permission android:name="android.permission.WRITE_EXTERNAL_STORAGE" />
12-->src\main\AndroidManifest.xml:6:5-80
12-->src\main\AndroidManifest.xml:6:22-78
13
14    <application
14-->src\main\AndroidManifest.xml:8:5-55:19
15        android:name="com.iris.ccpm.model.GlobalData"
15-->src\main\AndroidManifest.xml:9:9-41
16        android:allowBackup="true"
16-->src\main\AndroidManifest.xml:10:9-35
17        android:appComponentFactory="androidx.core.app.CoreComponentFactory"
17-->[androidx.core:core:1.3.1] AndroidManifest.xml:24:18-86
18        android:extractNativeLibs="false"
19        android:icon="@mipmap/ic_launcher"
19-->src\main\AndroidManifest.xml:11:9-43
20        android:label="@string/app_name"
20-->src\main\AndroidManifest.xml:12:9-41
21        android:roundIcon="@mipmap/ic_launcher_round"
21-->src\main\AndroidManifest.xml:13:9-54
22        android:supportsRtl="true"
22-->src\main\AndroidManifest.xml:14:9-35
23        android:theme="@style/Theme.CCPM" >
23-->src\main\AndroidManifest.xml:15:9-42
24
25        <!-- 登录界面 -->
26        <activity
26-->src\main\AndroidManifest.xml:18:9-27:20
27            android:name="com.iris.ccpm.LoginActivity"
27-->src\main\AndroidManifest.xml:19:13-42
28            android:theme="@style/Theme.CCPM.NoActionBar" >
28-->src\main\AndroidManifest.xml:20:13-58
29            <intent-filter>
29-->src\main\AndroidManifest.xml:22:13-26:29
30                <action android:name="android.intent.action.MAIN" />
30-->src\main\AndroidManifest.xml:23:17-69
30-->src\main\AndroidManifest.xml:23:25-66
31
32                <category android:name="android.intent.category.LAUNCHER" />
32-->src\main\AndroidManifest.xml:25:17-77
32-->src\main\AndroidManifest.xml:25:27-74
33            </intent-filter>
34        </activity>
35
36        <!-- 主页面 -->
37        <activity
37-->src\main\AndroidManifest.xml:30:9-33:61
38            android:name="com.iris.ccpm.MainActivity"
38-->src\main\AndroidManifest.xml:31:13-41
39            android:label="@string/app_name"
39-->src\main\AndroidManifest.xml:32:13-45
40            android:theme="@style/Theme.CCPM.NoActionBar" />
40-->src\main\AndroidManifest.xml:33:13-58
41        <activity
41-->src\main\AndroidManifest.xml:35:9-37:36
42            android:name="com.iris.ccpm.ProjectDetailActivity"
42-->src\main\AndroidManifest.xml:36:13-50
43            android:label="项目详情" />
43-->src\main\AndroidManifest.xml:37:13-33
44        <activity
44-->src\main\AndroidManifest.xml:39:9-41:36
45            android:name="com.iris.ccpm.CreateProjectActivity"
45-->src\main\AndroidManifest.xml:40:13-50
46            android:label="新建项目" />
46-->src\main\AndroidManifest.xml:41:13-33
47        <activity
47-->src\main\AndroidManifest.xml:43:9-45:36
48            android:name="com.iris.ccpm.ReportActivity"
48-->src\main\AndroidManifest.xml:44:13-43
49            android:label="汇报任务" />
49-->src\main\AndroidManifest.xml:45:13-33
50        <activity
50-->src\main\AndroidManifest.xml:47:9-48:36
51            android:name="com.iris.ccpm.ui.setting.EditAccountActivity"
51-->src\main\AndroidManifest.xml:47:19-65
52            android:label="修改资料" />
52-->src\main\AndroidManifest.xml:48:13-33
53        <activity
53-->src\main\AndroidManifest.xml:50:9-51:34
54            android:name="com.iris.ccpm.NotifyActivity"
54-->src\main\AndroidManifest.xml:50:19-49
55            android:label="通知" />
55-->src\main\AndroidManifest.xml:51:13-31
56        <activity
56-->src\main\AndroidManifest.xml:53:9-54:35
57            android:name="com.iris.ccpm.TaskDetailActivity"
57-->src\main\AndroidManifest.xml:53:19-53
58            android:label="任务详情" />
58-->src\main\AndroidManifest.xml:54:13-33
59    </application>
60
61</manifest>